2022-05-09 00:18:45 INFO     Video and reaction paths are set succefully
2022-05-09 00:18:45 INFO     Video and reaction are composited
2022-05-09 00:19:05 INFO     Video is written successfully
2022-05-26 15:25:54 INFO     Video and reaction paths are set succefully
2022-05-26 15:25:54 INFO     Reaction and video duration are matched17.6 17.6
2022-05-26 15:25:54 INFO     Video and reaction are composited
2022-05-26 15:26:17 INFO     Video is written successfully
2022-05-26 15:33:05 INFO     Video and reaction paths are set succefully
2022-05-26 15:33:05 INFO     Reaction and video duration are matched27.59 27.59
2022-05-26 15:33:05 INFO     Video and reaction are composited
2022-05-26 15:33:41 WARNING  C:\Python310\lib\site-packages\moviepy\video\io\ffmpeg_reader.py:123: UserWarning: Warning: in file D:\Training\python\Bot\ReactionEditor\videos\myvideo #shorts.mp4, 876960 bytes wanted but 0 bytes read,at frame 827/828, at time 27.57/27.59 sec. Using the last valid frame instead.
  warnings.warn("Warning: in file %s, "%(self.filename)+

2022-05-26 15:33:43 INFO     Video is written successfully
2022-09-07 12:36:03 ERROR    crop() got an unexpected keyword argument 'top'
2022-09-07 12:36:30 ERROR    crop() got an unexpected keyword argument 'top'
2022-09-07 12:40:27 INFO     Video edited successfully
2022-09-07 12:41:48 ERROR    MoviePy Error: creation of None failed because of the following error:

[WinError 2] The system cannot find the file specified.

.This error can be due to the fact that ImageMagick is not installed on your computer, or (for Windows users) that you didn't specify the path to the ImageMagick binary in file conf.py, or that the path you specified is incorrect
2022-09-07 12:42:09 ERROR    MoviePy Error: creation of None failed because of the following error:

[WinError 2] The system cannot find the file specified.

.This error can be due to the fact that ImageMagick is not installed on your computer, or (for Windows users) that you didn't specify the path to the ImageMagick binary in file conf.py, or that the path you specified is incorrect
2022-09-07 12:43:25 ERROR    MoviePy Error: creation of None failed because of the following error:

[WinError 2] The system cannot find the file specified.

.This error can be due to the fact that ImageMagick is not installed on your computer, or (for Windows users) that you didn't specify the path to the ImageMagick binary in file conf.py, or that the path you specified is incorrect
2022-09-07 13:09:18 ERROR    MoviePy Error: creation of None failed because of the following error:

[WinError 2] The system cannot find the file specified.

.This error can be due to the fact that ImageMagick is not installed on your computer, or (for Windows users) that you didn't specify the path to the ImageMagick binary in file conf.py, or that the path you specified is incorrect
2022-09-07 17:10:51 INFO     Video edited successfully
2022-09-07 17:13:03 INFO     Video edited successfully
2022-09-07 17:16:00 WARNING  C:\Users\sallu.DESKTOP-PT3PBMM\AppData\Local\Packages\PythonSoftwareFoundation.Python.3.9_qbz5n2kfra8p0\LocalCache\local-packages\Python39\site-packages\moviepy\video\io\ffmpeg_reader.py:123: UserWarning: Warning: in file F:\Projects\Python\bots\VideoEditor\ReactionEditor\videos\reaction.mp4, 876960 bytes wanted but 0 bytes read,at frame 528/529, at time 17.60/17.60 sec. Using the last valid frame instead.
  warnings.warn("Warning: in file %s, "%(self.filename)+

2022-09-07 17:16:01 INFO     Video edited successfully
2022-09-07 17:18:21 INFO     Video edited successfully
2022-09-07 17:19:35 INFO     Video edited successfully
2022-09-07 17:20:42 INFO     Video edited successfully
2022-09-07 17:59:29 ERROR    __init__() got an unexpected keyword argument 'font_size'
2022-09-07 18:00:58 INFO     Video edited successfully
2022-09-07 18:02:04 INFO     Video edited successfully
2022-09-07 18:03:42 INFO     Video edited successfully
2022-09-07 18:04:32 INFO     Video edited successfully
2022-09-07 18:07:30 INFO     Video edited successfully
2022-09-07 18:08:08 INFO     Video edited successfully
2022-09-07 18:09:04 INFO     Video edited successfully
2022-09-07 18:11:14 INFO     Video edited successfully
2022-09-07 18:13:18 ERROR    local variable 'clip_with_borders' referenced before assignment
2022-09-07 18:14:14 INFO     Video edited successfully
2022-09-07 18:15:20 INFO     Video edited successfully
2022-09-07 18:18:13 INFO     Video edited successfully
2022-09-07 18:19:52 INFO     Video edited successfully
2022-09-07 18:21:04 ERROR    cannot reshape array of size 26623 into shape (79,337,3)
2022-09-07 18:21:41 ERROR    cannot reshape array of size 26623 into shape (79,337,3)
2022-09-07 18:23:07 INFO     Video edited successfully
2022-09-07 18:23:54 INFO     Video edited successfully
2022-09-07 18:25:28 ERROR    module 'moviepy.video.fx.all' has no attribute 'add_mask'
2022-09-07 18:26:55 INFO     Video edited successfully
2022-09-07 18:27:41 INFO     Video edited successfully
2022-09-07 18:30:04 INFO     Video edited successfully
2022-09-07 18:41:22 ERROR    No such file: 'F:\Projects\Pythonots\VideoEditor\ReactionEditor\logo.png'
2022-09-07 18:41:37 ERROR    No such file: 'F:\Projects\Pythonots\VideoEditor\ReactionEditor\logo.png'
2022-09-07 18:42:06 ERROR    No such file: 'F:\Projects\Pythonots\VideoEditor\ReactionEditor\logo.png'
2022-09-07 18:42:42 INFO     Video edited successfully
2022-09-07 18:44:06 INFO     Video edited successfully
2022-09-07 18:46:38 INFO     Video edited successfully
2022-09-07 18:50:59 WARNING  C:\Users\sallu.DESKTOP-PT3PBMM\AppData\Local\Packages\PythonSoftwareFoundation.Python.3.9_qbz5n2kfra8p0\LocalCache\local-packages\Python39\site-packages\moviepy\video\io\ffmpeg_reader.py:123: UserWarning: Warning: in file F:\Projects\Python\bots\VideoEditor\ReactionEditor\videos\landscape.mp4, 1229760 bytes wanted but 0 bytes read,at frame 901/904, at time 30.03/30.12 sec. Using the last valid frame instead.
  warnings.warn("Warning: in file %s, "%(self.filename)+

2022-09-07 18:50:59 WARNING  C:\Users\sallu.DESKTOP-PT3PBMM\AppData\Local\Packages\PythonSoftwareFoundation.Python.3.9_qbz5n2kfra8p0\LocalCache\local-packages\Python39\site-packages\moviepy\video\io\ffmpeg_reader.py:123: UserWarning: Warning: in file F:\Projects\Python\bots\VideoEditor\ReactionEditor\videos\landscape.mp4, 1229760 bytes wanted but 0 bytes read,at frame 902/904, at time 30.07/30.12 sec. Using the last valid frame instead.
  warnings.warn("Warning: in file %s, "%(self.filename)+

2022-09-07 18:50:59 WARNING  C:\Users\sallu.DESKTOP-PT3PBMM\AppData\Local\Packages\PythonSoftwareFoundation.Python.3.9_qbz5n2kfra8p0\LocalCache\local-packages\Python39\site-packages\moviepy\video\io\ffmpeg_reader.py:123: UserWarning: Warning: in file F:\Projects\Python\bots\VideoEditor\ReactionEditor\videos\landscape.mp4, 1229760 bytes wanted but 0 bytes read,at frame 903/904, at time 30.10/30.12 sec. Using the last valid frame instead.
  warnings.warn("Warning: in file %s, "%(self.filename)+

2022-09-07 18:50:59 INFO     Video edited successfully
2022-09-07 18:52:43 WARNING  C:\Users\sallu.DESKTOP-PT3PBMM\AppData\Local\Packages\PythonSoftwareFoundation.Python.3.9_qbz5n2kfra8p0\LocalCache\local-packages\Python39\site-packages\moviepy\video\io\ffmpeg_reader.py:123: UserWarning: Warning: in file F:\Projects\Python\bots\VideoEditor\ReactionEditor\videos\landscape.mp4, 1229760 bytes wanted but 0 bytes read,at frame 901/904, at time 30.03/30.12 sec. Using the last valid frame instead.
  warnings.warn("Warning: in file %s, "%(self.filename)+

2022-09-07 18:52:43 WARNING  C:\Users\sallu.DESKTOP-PT3PBMM\AppData\Local\Packages\PythonSoftwareFoundation.Python.3.9_qbz5n2kfra8p0\LocalCache\local-packages\Python39\site-packages\moviepy\video\io\ffmpeg_reader.py:123: UserWarning: Warning: in file F:\Projects\Python\bots\VideoEditor\ReactionEditor\videos\landscape.mp4, 1229760 bytes wanted but 0 bytes read,at frame 902/904, at time 30.07/30.12 sec. Using the last valid frame instead.
  warnings.warn("Warning: in file %s, "%(self.filename)+

2022-09-07 18:52:43 WARNING  C:\Users\sallu.DESKTOP-PT3PBMM\AppData\Local\Packages\PythonSoftwareFoundation.Python.3.9_qbz5n2kfra8p0\LocalCache\local-packages\Python39\site-packages\moviepy\video\io\ffmpeg_reader.py:123: UserWarning: Warning: in file F:\Projects\Python\bots\VideoEditor\ReactionEditor\videos\landscape.mp4, 1229760 bytes wanted but 0 bytes read,at frame 903/904, at time 30.10/30.12 sec. Using the last valid frame instead.
  warnings.warn("Warning: in file %s, "%(self.filename)+

2022-09-07 18:52:43 INFO     Video edited successfully
2022-09-07 18:53:45 WARNING  C:\Users\sallu.DESKTOP-PT3PBMM\AppData\Local\Packages\PythonSoftwareFoundation.Python.3.9_qbz5n2kfra8p0\LocalCache\local-packages\Python39\site-packages\moviepy\video\io\ffmpeg_reader.py:123: UserWarning: Warning: in file F:\Projects\Python\bots\VideoEditor\ReactionEditor\videos\landscape.mp4, 1229760 bytes wanted but 0 bytes read,at frame 901/904, at time 30.03/30.12 sec. Using the last valid frame instead.
  warnings.warn("Warning: in file %s, "%(self.filename)+

2022-09-07 18:53:45 WARNING  C:\Users\sallu.DESKTOP-PT3PBMM\AppData\Local\Packages\PythonSoftwareFoundation.Python.3.9_qbz5n2kfra8p0\LocalCache\local-packages\Python39\site-packages\moviepy\video\io\ffmpeg_reader.py:123: UserWarning: Warning: in file F:\Projects\Python\bots\VideoEditor\ReactionEditor\videos\landscape.mp4, 1229760 bytes wanted but 0 bytes read,at frame 902/904, at time 30.07/30.12 sec. Using the last valid frame instead.
  warnings.warn("Warning: in file %s, "%(self.filename)+

2022-09-07 18:53:45 WARNING  C:\Users\sallu.DESKTOP-PT3PBMM\AppData\Local\Packages\PythonSoftwareFoundation.Python.3.9_qbz5n2kfra8p0\LocalCache\local-packages\Python39\site-packages\moviepy\video\io\ffmpeg_reader.py:123: UserWarning: Warning: in file F:\Projects\Python\bots\VideoEditor\ReactionEditor\videos\landscape.mp4, 1229760 bytes wanted but 0 bytes read,at frame 903/904, at time 30.10/30.12 sec. Using the last valid frame instead.
  warnings.warn("Warning: in file %s, "%(self.filename)+

2022-09-07 18:53:45 INFO     Video edited successfully
2022-09-07 19:15:02 INFO     Video edited successfully
2022-09-07 19:16:00 INFO     Video edited successfully
2022-09-07 19:16:41 INFO     Video edited successfully
2022-09-07 19:19:18 INFO     Video edited successfully
2022-09-07 19:22:53 ERROR    'float' object cannot be interpreted as an integer
2022-09-07 19:23:11 ERROR    'float' object cannot be interpreted as an integer
2022-09-07 19:24:20 INFO     Video edited successfully
2022-09-07 19:26:11 INFO     Video edited successfully
2022-09-07 19:26:50 INFO     Video edited successfully
2022-09-07 19:28:09 INFO     Video edited successfully
2022-09-07 19:28:55 INFO     Video edited successfully
2022-09-07 19:30:59 INFO     Video edited successfully
2022-09-07 19:35:41 INFO     Video edited successfully
2022-09-07 19:38:36 INFO     Video edited successfully
2022-09-07 19:39:17 INFO     Video edited successfully
2022-09-07 19:40:43 INFO     Video edited successfully
2022-09-07 19:41:08 INFO     Video edited successfully
2022-09-07 19:41:38 INFO     Video edited successfully
2022-09-07 19:42:11 INFO     Video edited successfully
2022-09-07 19:44:36 INFO     Video edited successfully
2022-09-07 19:45:38 INFO     Video edited successfully
2022-09-07 19:46:42 INFO     Video edited successfully
2022-09-07 19:47:23 INFO     Video edited successfully
2022-09-07 19:47:39 INFO     Video edited successfully
2022-09-07 19:48:39 INFO     Video edited successfully
2022-09-07 19:50:35 INFO     Video edited successfully
2022-09-07 19:52:05 INFO     Video edited successfully
2022-09-07 19:52:48 INFO     Video edited successfully
2022-09-07 19:55:05 INFO     Video edited successfully
2022-09-07 19:55:47 INFO     Video edited successfully
2022-09-07 19:56:19 INFO     Video edited successfully
2022-09-07 19:58:06 INFO     Video edited successfully
2022-09-07 19:59:05 INFO     Video edited successfully
2022-09-07 19:59:53 INFO     Video edited successfully
2022-09-07 20:00:30 INFO     Video edited successfully
2022-09-07 20:02:38 INFO     Video edited successfully
2022-09-07 20:03:52 INFO     Video edited successfully
2022-09-07 20:04:47 INFO     Video edited successfully
2022-09-07 20:05:23 INFO     Video edited successfully
2022-09-07 20:13:14 INFO     Video edited successfully
2022-09-07 20:15:03 ERROR    'left'
2022-09-07 20:17:07 INFO     Video edited successfully
2022-09-07 20:19:18 INFO     Video edited successfully
2022-09-07 20:19:55 INFO     Video edited successfully
2022-09-07 20:21:48 INFO     Video edited successfully
2022-09-07 20:22:47 INFO     Video edited successfully
2022-09-07 20:24:29 INFO     Video edited successfully
2022-09-07 20:25:07 INFO     Video edited successfully
2022-09-07 20:26:24 INFO     Video edited successfully
2022-09-07 20:27:08 INFO     Video edited successfully
2022-09-07 20:29:41 INFO     Video edited successfully
2022-09-07 20:30:37 INFO     Video edited successfully
2022-09-07 20:38:03 INFO     Video edited successfully
2022-09-07 20:39:32 INFO     Video edited successfully
2022-09-07 20:40:56 INFO     Video edited successfully
2022-09-07 20:42:29 INFO     Video edited successfully
2022-09-07 20:44:29 INFO     Video edited successfully
2022-09-07 20:46:22 INFO     Video edited successfully
2022-09-07 20:52:52 INFO     Video edited successfully
2022-09-07 20:55:43 INFO     Video edited successfully
2022-09-07 20:57:21 INFO     Video edited successfully
2022-09-07 20:58:46 INFO     Video edited successfully
2022-09-07 21:03:41 INFO     Video edited successfully
2022-09-07 21:05:59 ERROR    No such file: 'F:\Projects\Python\bots\VideoEditor\ReactionEditor\logo.png'
2022-09-07 21:07:07 INFO     Video edited successfully
2022-09-07 21:07:51 INFO     Video edited successfully
2022-09-07 21:08:56 INFO     Video edited successfully
2022-09-07 21:10:49 ERROR    module 'moviepy.video.fx.all' has no attribute 'brightness'
2022-09-07 21:11:39 INFO     Video edited successfully
2022-09-07 21:12:56 INFO     Video edited successfully
2022-09-07 21:22:08 ERROR    module 'moviepy.video.fx.all' has no attribute 'audio_normalize'
2022-09-07 21:26:17 ERROR    module 'moviepy.video.fx.all' has no attribute 'audio_normalize'
2022-09-07 21:26:59 ERROR    module 'moviepy.video.fx.all' has no attribute 'audio_normalize'
2022-09-07 21:27:50 INFO     Video edited successfully
2022-09-07 21:44:40 ERROR    'AudioFileClip' object has no attribute 'fadeout'
2022-09-07 21:45:58 ERROR    'AudioFileClip' object has no attribute 'afx'
2022-09-07 21:46:52 ERROR    'AudioFileClip' object has no attribute 'fadein'
2022-09-07 21:47:35 ERROR    'AudioFileClip' object has no attribute 'fadein'
2022-09-07 21:48:09 ERROR    'AudioFileClip' object has no attribute 'fadein'
2022-09-07 21:56:08 ERROR    'AudioFileClip' object has no attribute 'audio'
2022-09-07 21:56:32 ERROR    'AudioFileClip' object has no attribute 'audio'
2022-09-07 21:57:58 ERROR    'AudioFileClip' object has no attribute 'audio'
2022-09-07 22:00:48 INFO     Video edited successfully
2022-09-07 22:01:43 INFO     Video edited successfully
2022-09-07 22:03:43 INFO     Video edited successfully
2022-09-07 22:04:50 ERROR    'AudioFileClip' object has no attribute 'fadein'
2022-09-07 22:08:55 ERROR    'AudioFileClip' object has no attribute 'fadein'
2022-09-07 22:09:41 INFO     Video edited successfully
2022-09-07 22:10:04 ERROR    name 'audio_fadeout' is not defined
2022-09-07 22:11:09 INFO     Video edited successfully
2022-09-07 22:12:19 INFO     Video edited successfully
2022-09-07 22:13:50 INFO     Video edited successfully
2022-09-07 22:17:36 INFO     Video edited successfully
2022-09-07 22:34:50 INFO     Video edited successfully
2022-09-07 22:37:31 INFO     Video edited successfully
2022-09-07 22:39:35 INFO     Video edited successfully
2022-09-07 23:07:27 WARNING  C:\Users\sallu.DESKTOP-PT3PBMM\AppData\Local\Packages\PythonSoftwareFoundation.Python.3.9_qbz5n2kfra8p0\LocalCache\local-packages\Python39\site-packages\moviepy\video\io\ffmpeg_reader.py:123: UserWarning: Warning: in file D:\Videos For Uploading\Village Tale\Uploaded\A wonderful recipe for fried chicken! must see.mp4, 1229760 bytes wanted but 0 bytes read,at frame 14785/14788, at time 492.83/492.91 sec. Using the last valid frame instead.
  warnings.warn("Warning: in file %s, "%(self.filename)+

2022-09-07 23:07:27 WARNING  C:\Users\sallu.DESKTOP-PT3PBMM\AppData\Local\Packages\PythonSoftwareFoundation.Python.3.9_qbz5n2kfra8p0\LocalCache\local-packages\Python39\site-packages\moviepy\video\io\ffmpeg_reader.py:123: UserWarning: Warning: in file D:\Videos For Uploading\Village Tale\Uploaded\A wonderful recipe for fried chicken! must see.mp4, 1229760 bytes wanted but 0 bytes read,at frame 14786/14788, at time 492.87/492.91 sec. Using the last valid frame instead.
  warnings.warn("Warning: in file %s, "%(self.filename)+

2022-09-07 23:26:03 WARNING  C:\Users\sallu.DESKTOP-PT3PBMM\AppData\Local\Packages\PythonSoftwareFoundation.Python.3.9_qbz5n2kfra8p0\LocalCache\local-packages\Python39\site-packages\moviepy\video\io\ffmpeg_reader.py:123: UserWarning: Warning: in file D:\Videos For Uploading\Village Tale\Uploaded\A wonderful recipe for fried chicken! must see.mp4, 1229760 bytes wanted but 0 bytes read,at frame 14785/14788, at time 492.83/492.91 sec. Using the last valid frame instead.
  warnings.warn("Warning: in file %s, "%(self.filename)+

2022-09-07 23:26:03 WARNING  C:\Users\sallu.DESKTOP-PT3PBMM\AppData\Local\Packages\PythonSoftwareFoundation.Python.3.9_qbz5n2kfra8p0\LocalCache\local-packages\Python39\site-packages\moviepy\video\io\ffmpeg_reader.py:123: UserWarning: Warning: in file D:\Videos For Uploading\Village Tale\Uploaded\A wonderful recipe for fried chicken! must see.mp4, 1229760 bytes wanted but 0 bytes read,at frame 14786/14788, at time 492.87/492.91 sec. Using the last valid frame instead.
  warnings.warn("Warning: in file %s, "%(self.filename)+

2022-09-07 23:26:03 WARNING  C:\Users\sallu.DESKTOP-PT3PBMM\AppData\Local\Packages\PythonSoftwareFoundation.Python.3.9_qbz5n2kfra8p0\LocalCache\local-packages\Python39\site-packages\moviepy\video\io\ffmpeg_reader.py:123: UserWarning: Warning: in file D:\Videos For Uploading\Village Tale\Uploaded\A wonderful recipe for fried chicken! must see.mp4, 1229760 bytes wanted but 0 bytes read,at frame 14787/14788, at time 492.90/492.91 sec. Using the last valid frame instead.
  warnings.warn("Warning: in file %s, "%(self.filename)+

2022-09-07 23:28:06 ERROR    name 'title' is not defined
2022-09-07 23:28:50 ERROR    'float' object cannot be interpreted as an integer
2022-09-07 23:47:23 WARNING  C:\Users\sallu.DESKTOP-PT3PBMM\AppData\Local\Packages\PythonSoftwareFoundation.Python.3.9_qbz5n2kfra8p0\LocalCache\local-packages\Python39\site-packages\moviepy\video\io\ffmpeg_reader.py:123: UserWarning: Warning: in file F:\Projects\Python\bots\VideoEditor\ReactionEditor\videos\splited\A wonderful recipe...Part 1.mp4, 1229760 bytes wanted but 0 bytes read,at frame 5400/5402, at time 180.00/180.04 sec. Using the last valid frame instead.
  warnings.warn("Warning: in file %s, "%(self.filename)+

2022-09-07 23:47:23 WARNING  C:\Users\sallu.DESKTOP-PT3PBMM\AppData\Local\Packages\PythonSoftwareFoundation.Python.3.9_qbz5n2kfra8p0\LocalCache\local-packages\Python39\site-packages\moviepy\video\io\ffmpeg_reader.py:123: UserWarning: Warning: in file F:\Projects\Python\bots\VideoEditor\ReactionEditor\videos\splited\A wonderful recipe...Part 1.mp4, 1229760 bytes wanted but 0 bytes read,at frame 5401/5402, at time 180.03/180.04 sec. Using the last valid frame instead.
  warnings.warn("Warning: in file %s, "%(self.filename)+

2022-09-07 23:47:24 INFO     Video edited successfully
2022-09-07 23:53:46 INFO     Video edited successfully
2022-09-07 23:57:14 INFO     Video edited successfully
